<?xml version="1.0" encoding="UTF-8"?>
<!-- Generated by org.testng.reporters.JUnitReportReporter -->
<testsuite hostname="raama" failures="0" tests="1" name="Buy1.Buy" time="19.626" errors="0" timestamp="2024-05-16T09:17:11 IST" skipped="0">
  <testcase classname="Buy1.Buy" name="t1" time="19.626"/>
</testsuite> <!-- Buy1.Buy -->
